<?xml version="1.0" encoding="UTF-8"?>
<testsuite xmlns:xsi="http://www.w3.org/2001/XMLSchema-instance" xsi:noNamespaceSchemaLocation="https://maven.apache.org/surefire/maven-surefire-plugin/xsd/surefire-test-report-3.0.xsd" version="3.0" name="com.example.demo.DemoRestControllerTest" time="2.117" tests="2" errors="0" skipped="0" failures="2">
  <properties>
[...]
</properties>
  <testcase name="testMultiplyInvalidInput" classname="com.example.demo.DemoRestControllerTest" time="0.571">
    <failure message="Content type not set" type="java.lang.AssertionError"><![CDATA[java.lang.AssertionError: Content type not set
	at org.springframework.test.util.AssertionErrors.fail(AssertionErrors.java:37)
	at org.springframework.test.util.AssertionErrors.assertTrue(AssertionErrors.java:70)
	at org.springframework.test.util.AssertionErrors.assertNotNull(AssertionErrors.java:106)
	at org.springframework.test.web.servlet.result.ContentResultMatchers.lambda$contentType$0(ContentResultMatchers.java:85)
	at org.springframework.test.web.servlet.MockMvc$1.andExpect(MockMvc.java:214)
	at com.example.demo.DemoRestControllerTest.testMultiplyInvalidInput(DemoRestControllerTest.java:44)
	at java.base/java.lang.reflect.Method.invoke(Method.java:568)
	at java.base/java.util.ArrayList.forEach(ArrayList.java:1511)
	at java.base/java.util.ArrayList.forEach(ArrayList.java:1511)
]]></failure>
    <system-out><![CDATA[2024-06-27 15:21:26 INFO  AnnotationConfigContextLoaderUtils:83 - Could not detect default configuration classes for test class [com.example.demo.DemoRestControllerTest]: DemoRestControllerTest does not declare any static, non-private, non-final, nested classes annotated with @Configuration.
2024-06-27 15:21:26 INFO  SpringBootTestContextBootstrapper:234 - Found @SpringBootConfiguration com.example.demo.DemoApplication for test class com.example.demo.DemoRestControllerTest

  .   ____          _            __ _ _
 /\\ / ___'_ __ _ _(_)_ __  __ _ \ \ \ \
( ( )\___ | '_ | '_| | '_ \/ _` | \ \ \ \
 \\/  ___)| |_)| | | | | || (_| |  ) ) ) )
  '  |____| .__|_| |_|_| |_\__, | / / / /
 =========|_|==============|___/=/_/_/_/

 :: Spring Boot ::                (v3.3.1)

2024-06-27 15:21:26 INFO  DemoRestControllerTest:50 - Starting DemoRestControllerTest using Java 17.0.11 with PID 43233 (started by keyokeyok in /home/keyokeyok/IdeaProjects/demo1/demo)
2024-06-27 15:21:26 INFO  DemoRestControllerTest:654 - No active profile set, falling back to 1 default profile: "default"
2024-06-27 15:21:27 INFO  SpringBootMockServletContext:437 - Initializing Spring TestDispatcherServlet ''
2024-06-27 15:21:27 INFO  TestDispatcherServlet:532 - Initializing Servlet ''
2024-06-27 15:21:27 INFO  TestDispatcherServlet:554 - Completed initialization in 1 ms
2024-06-27 15:21:27 INFO  DemoRestControllerTest:56 - Started DemoRestControllerTest in 0.982 seconds (process running for 1.943)
2024-06-27 15:21:27 WARN  DefaultHandlerExceptionResolver:247 - Resolved [org.springframework.web.bind.MissingServletRequestParameterException: Required request parameter 'numStr' for method parameter type String is not present]

MockHttpServletRequest:
      HTTP Method = GET
      Request URI = /api/multiply
       Parameters = {num=[invalid], n=[3]}
          Headers = [Content-Type:"application/json;charset=UTF-8"]
             Body = null
    Session Attrs = {}

Handler:
             Type = com.example.demo.controller.DemoRestController
           Method = com.example.demo.controller.DemoRestController#multiply(String, String)

Async:
    Async started = false
     Async result = null

Resolved Exception:
             Type = org.springframework.web.bind.MissingServletRequestParameterException

ModelAndView:
        View name = null
             View = null
            Model = null

FlashMap:
       Attributes = null

MockHttpServletResponse:
           Status = 400
    Error message = Required parameter 'numStr' is not present.
          Headers = []
     Content type = null
             Body = 
    Forwarded URL = null
   Redirected URL = null
          Cookies = []
]]></system-out>
  </testcase>
  <testcase name="testMultiply" classname="com.example.demo.DemoRestControllerTest" time="0.007">
    <failure message="Status expected:&lt;200&gt; but was:&lt;400&gt;" type="java.lang.AssertionError"><![CDATA[java.lang.AssertionError: Status expected:<200> but was:<400>
	at org.springframework.test.util.AssertionErrors.fail(AssertionErrors.java:59)
	at org.springframework.test.util.AssertionErrors.assertEquals(AssertionErrors.java:122)
	at org.springframework.test.web.servlet.result.StatusResultMatchers.lambda$matcher$9(StatusResultMatchers.java:637)
	at org.springframework.test.web.servlet.MockMvc$1.andExpect(MockMvc.java:214)
	at com.example.demo.DemoRestControllerTest.testMultiply(DemoRestControllerTest.java:30)
	at java.base/java.lang.reflect.Method.invoke(Method.java:568)
	at java.base/java.util.ArrayList.forEach(ArrayList.java:1511)
	at java.base/java.util.ArrayList.forEach(ArrayList.java:1511)
]]></failure>
    <system-out><![CDATA[2024-06-27 15:21:27 WARN  DefaultHandlerExceptionResolver:247 - Resolved [org.springframework.web.bind.MissingServletRequestParameterException: Required request parameter 'numStr' for method parameter type String is not present]

MockHttpServletRequest:
      HTTP Method = GET
      Request URI = /api/multiply
       Parameters = {num=[2], n=[3]}
          Headers = [Content-Type:"application/json;charset=UTF-8"]
             Body = null
    Session Attrs = {}

Handler:
             Type = com.example.demo.controller.DemoRestController
           Method = com.example.demo.controller.DemoRestController#multiply(String, String)

Async:
    Async started = false
     Async result = null

Resolved Exception:
             Type = org.springframework.web.bind.MissingServletRequestParameterException

ModelAndView:
        View name = null
             View = null
            Model = null

FlashMap:
       Attributes = null

MockHttpServletResponse:
           Status = 400
    Error message = Required parameter 'numStr' is not present.
          Headers = []
     Content type = null
             Body = 
    Forwarded URL = null
   Redirected URL = null
          Cookies = []
]]></system-out>
  </testcase>
</testsuite>